<?xml version="1.0" encoding="UTF-8"?>
<testsuite name="TodoItemTest" tests="1" skipped="0" failures="0" errors="0" timestamp="2024-08-20T21:48:38" hostname="BK-D-004" time="0.022">
  <properties/>
  <testcase name="getCompletedTodoList()" classname="TodoItemTest" time="0.022"/>
  <system-out><![CDATA[]]></system-out>
  <system-err><![CDATA[]]></system-err>
</testsuite>
